SF:lib/src/feature/nasa/data/models/apod_image_model.dart
DA:11,1
DA:20,1
DA:21,1
DA:22,2
DA:23,1
DA:26,2
DA:29,1
DA:30,2
DA:31,1
DA:32,1
DA:35,1
DA:36,2
DA:37,1
DA:38,1
DA:39,1
DA:40,1
DA:41,1
DA:45,1
DA:46,1
DA:47,1
DA:48,1
DA:49,1
DA:50,1
DA:51,1
DA:52,1
LF:25
LH:25
end_of_record
SF:lib/src/feature/nasa/domain/entities/apod_image.dart
DA:9,1
LF:1
LH:1
end_of_record
SF:lib/main.dart
DA:8,0
DA:9,0
DA:10,0
DA:11,0
DA:12,0
DA:13,0
DA:14,0
DA:20,1
DA:24,1
DA:26,1
DA:28,1
DA:29,1
DA:33,1
DA:34,1
LF:14
LH:7
end_of_record
SF:lib/src/feature/nasa/presentation/home/home_page.dart
DA:12,1
DA:14,1
DA:15,1
DA:19,1
DA:21,1
DA:22,1
DA:25,0
DA:27,0
DA:28,0
DA:31,1
DA:33,1
DA:34,1
DA:35,1
DA:36,3
DA:37,1
DA:38,1
DA:39,1
LF:17
LH:14
end_of_record
SF:lib/src/core/services/dio_service.dart
DA:4,1
DA:8,1
DA:12,1
DA:17,1
LF:4
LH:4
end_of_record
SF:lib/src/core/utils/error_tracking.dart
DA:2,0
DA:3,0
DA:4,0
LF:3
LH:0
end_of_record
SF:lib/src/core/utils/exceptions.dart
DA:6,0
DA:7,0
DA:12,0
DA:16,0
DA:20,0
DA:24,0
LF:6
LH:0
end_of_record
SF:lib/src/core/utils/formatters.dart
DA:4,0
DA:5,0
DA:7,0
DA:8,0
DA:10,0
LF:5
LH:0
end_of_record
SF:lib/src/feature/nasa/data/data_source/images_data_source.dart
DA:9,1
LF:1
LH:1
end_of_record
SF:lib/src/feature/nasa/data/models/pagination_model.dart
DA:6,0
DA:12,0
DA:13,0
DA:14,0
DA:15,0
DA:16,0
DA:20,0
DA:21,0
DA:22,0
DA:23,0
DA:24,0
LF:11
LH:0
end_of_record
SF:lib/src/feature/nasa/data/data_source/images_data_source_impl.dart
DA:13,1
DA:15,0
DA:18,0
DA:20,0
DA:23,0
DA:25,0
DA:27,0
DA:29,0
DA:30,0
DA:31,0
DA:36,0
DA:46,0
DA:47,0
DA:48,0
DA:49,0
DA:50,0
DA:51,0
DA:53,0
DA:54,0
DA:55,0
DA:56,0
LF:21
LH:1
end_of_record
SF:lib/src/feature/nasa/domain/entities/pagination.dart
DA:6,1
DA:12,1
DA:13,1
DA:14,2
DA:15,1
DA:20,0
DA:21,0
DA:22,0
DA:23,0
DA:24,0
LF:10
LH:5
end_of_record
SF:lib/src/feature/nasa/data/repository/images_repository.dart
DA:5,1
LF:1
LH:1
end_of_record
SF:lib/src/feature/nasa/data/repository/images_repository_impl.dart
DA:13,1
DA:15,0
DA:18,0
DA:20,0
DA:21,0
DA:22,0
DA:24,0
DA:25,0
DA:27,0
DA:32,0
DA:33,0
LF:11
LH:1
end_of_record
SF:lib/src/feature/nasa/domain/usecase/apod_images_usecase.dart
DA:10,1
DA:16,0
DA:18,0
DA:20,0
DA:22,0
DA:26,0
DA:28,0
DA:30,0
DA:32,0
DA:34,0
DA:38,0
DA:39,0
LF:12
LH:1
end_of_record
SF:lib/src/feature/nasa/presentation/details/details_page.dart
DA:11,0
DA:16,0
DA:17,0
DA:23,0
DA:25,0
DA:27,0
DA:33,0
DA:36,0
DA:38,0
DA:39,0
DA:42,0
DA:44,0
DA:45,0
DA:46,0
DA:48,0
DA:49,0
DA:50,0
DA:51,0
DA:53,0
DA:54,0
DA:55,0
DA:56,0
DA:59,0
DA:62,0
DA:64,0
DA:65,0
DA:68,0
DA:73,0
DA:74,0
DA:75,0
LF:30
LH:0
end_of_record
SF:lib/src/feature/nasa/presentation/home/home_bindings.dart
DA:13,1
DA:14,1
DA:16,1
DA:17,1
DA:18,2
DA:19,1
DA:22,1
DA:23,2
DA:24,1
DA:27,1
DA:28,2
DA:29,1
DA:32,1
DA:33,2
DA:34,1
DA:39,0
DA:40,0
DA:42,0
DA:43,0
DA:44,0
DA:45,0
DA:46,0
LF:22
LH:15
end_of_record
SF:lib/src/feature/nasa/presentation/home_cubit.dart
DA:10,4
DA:12,0
DA:14,0
DA:15,0
DA:16,0
DA:18,0
DA:23,0
DA:24,0
DA:25,0
DA:27,0
DA:29,0
DA:31,0
DA:33,0
DA:34,0
DA:36,0
DA:40,0
LF:16
LH:1
end_of_record
SF:lib/src/feature/nasa/presentation/home/home_state.dart
DA:8,1
DA:13,1
DA:15,0
DA:17,0
DA:20,0
DA:28,1
DA:30,0
DA:31,0
DA:35,1
DA:41,0
DA:46,0
DA:49,0
DA:50,0
DA:51,0
DA:55,0
DA:56,0
DA:57,0
DA:58,0
DA:63,0
DA:70,0
DA:77,0
DA:84,0
DA:86,0
DA:87,0
LF:24
LH:4
end_of_record
SF:lib/src/feature/nasa/presentation/home/widgets/custom_error.dart
DA:7,2
DA:9,0
DA:11,0
DA:12,0
DA:15,0
DA:19,0
DA:21,0
DA:22,0
LF:8
LH:1
end_of_record
SF:lib/src/feature/nasa/presentation/home/widgets/loaded/loaded_state_widget.dart
DA:11,2
DA:15,0
DA:16,0
DA:22,0
DA:24,0
DA:25,0
DA:26,0
DA:27,0
DA:30,0
DA:33,0
DA:35,0
DA:36,0
DA:39,0
DA:41,0
DA:42,0
DA:43,0
DA:48,0
DA:49,0
DA:50,0
DA:51,0
DA:54,0
DA:55,0
DA:56,0
DA:57,0
DA:61,0
DA:62,0
DA:63,0
DA:64,0
DA:69,0
DA:70,0
DA:71,0
DA:72,0
LF:32
LH:1
end_of_record
SF:lib/src/feature/nasa/presentation/home/widgets/loaded/image_card.dart
DA:9,0
DA:16,0
DA:17,0
DA:19,0
DA:20,0
DA:21,0
DA:27,0
DA:29,0
DA:31,0
DA:32,0
DA:33,0
DA:35,0
DA:37,0
DA:39,0
DA:40,0
DA:41,0
DA:42,0
DA:43,0
DA:44,0
DA:47,0
DA:55,0
DA:56,0
DA:58,0
DA:59,0
DA:60,0
DA:61,0
DA:65,0
DA:66,0
DA:67,0
DA:72,0
DA:73,0
DA:76,0
LF:32
LH:0
end_of_record
SF:lib/src/feature/nasa/presentation/home/widgets/loaded/images_list.dart
DA:9,0
DA:14,0
DA:16,0
DA:17,0
DA:18,0
DA:19,0
LF:6
LH:0
end_of_record
SF:lib/src/feature/nasa/presentation/home/widgets/loaded/load_more_error.dart
DA:7,2
DA:9,0
DA:11,0
DA:12,0
DA:16,0
DA:18,0
DA:19,0
LF:7
LH:1
end_of_record
