SF:lib/src/core/di/injection_container.dart
DA:12,9
DA:14,1
DA:18,5
DA:23,2
DA:24,4
DA:30,2
DA:31,4
DA:37,2
DA:38,4
DA:44,2
DA:45,4
LF:11
LH:11
end_of_record
SF:lib/src/data/data_source/images_data_source.dart
DA:5,1
LF:1
LH:1
end_of_record
SF:lib/src/data/repository/images_repository.dart
DA:5,2
LF:1
LH:1
end_of_record
SF:lib/src/domain/usecase/apod_images_usecase.dart
DA:9,6
DA:11,1
DA:13,2
DA:15,1
DA:17,2
LF:5
LH:5
end_of_record
SF:lib/src/presentation/home_cubit.dart
DA:10,24
DA:12,1
DA:14,4
DA:15,4
DA:16,5
DA:18,4
DA:23,1
DA:24,2
DA:25,1
DA:27,4
DA:28,4
DA:29,1
DA:30,1
DA:31,2
DA:32,3
DA:36,5
LF:16
LH:16
end_of_record
SF:lib/main.dart
DA:6,1
DA:10,1
DA:11,1
DA:12,1
DA:15,0
DA:16,0
DA:20,4
DA:22,1
DA:24,1
DA:26,1
DA:27,1
LF:11
LH:9
end_of_record
SF:lib/src/presentation/home/home_page.dart
DA:11,4
DA:13,2
DA:15,2
DA:16,2
DA:17,2
DA:18,8
DA:19,2
DA:20,2
DA:21,2
LF:9
LH:9
end_of_record
SF:lib/src/data/data_source/images_data_source_impl.dart
DA:13,1
DA:15,0
DA:18,0
DA:20,0
DA:23,0
DA:25,0
DA:27,0
DA:29,0
DA:30,0
DA:31,0
DA:36,0
DA:47,0
DA:48,0
DA:49,0
LF:14
LH:1
end_of_record
SF:lib/src/data/repository/images_repository_impl.dart
DA:11,2
DA:13,1
DA:16,1
DA:18,2
DA:20,1
DA:22,2
DA:23,2
DA:26,2
DA:28,1
DA:29,2
LF:10
LH:10
end_of_record
SF:lib/src/core/services/dio_service.dart
DA:4,1
DA:8,1
DA:12,1
DA:17,1
LF:4
LH:4
end_of_record
SF:lib/src/core/utils/exceptions.dart
DA:6,3
DA:7,12
DA:12,2
DA:16,0
DA:20,1
DA:24,2
LF:6
LH:5
end_of_record
SF:lib/src/core/utils/formatters.dart
DA:4,0
DA:5,0
DA:7,1
DA:8,1
DA:10,1
LF:5
LH:3
end_of_record
SF:lib/src/data/models/apod_image_model.dart
DA:11,2
DA:20,2
DA:21,2
DA:22,4
DA:23,1
DA:26,5
DA:29,2
DA:30,4
DA:31,1
DA:32,2
DA:35,2
DA:36,4
DA:37,2
DA:38,2
DA:39,2
DA:40,2
DA:41,2
DA:45,1
DA:46,1
DA:47,1
DA:48,1
DA:49,1
DA:50,1
DA:51,1
DA:52,1
LF:25
LH:25
end_of_record
SF:lib/src/data/models/pagination_model.dart
DA:5,1
DA:11,1
DA:12,1
DA:13,1
DA:14,1
DA:15,1
DA:19,0
DA:20,0
DA:21,0
DA:22,0
DA:23,0
LF:11
LH:6
end_of_record
SF:lib/src/domain/entities/apod_image.dart
DA:9,5
LF:1
LH:1
end_of_record
SF:lib/src/domain/entities/pagination.dart
DA:6,9
DA:12,7
DA:13,7
DA:14,14
DA:15,7
DA:20,2
DA:21,2
DA:22,4
DA:23,6
DA:24,2
LF:10
LH:10
end_of_record
SF:lib/src/presentation/details/details_page.dart
DA:11,1
DA:16,1
DA:17,1
DA:23,1
DA:25,2
DA:27,4
DA:33,1
DA:36,1
DA:38,2
DA:39,1
DA:42,1
DA:44,1
DA:45,1
DA:46,4
DA:48,1
DA:49,1
DA:50,4
DA:51,0
DA:53,1
DA:54,3
DA:55,1
DA:56,3
DA:59,1
DA:60,1
DA:62,1
DA:63,5
DA:66,1
DA:68,1
DA:69,3
DA:70,3
LF:30
LH:29
end_of_record
SF:lib/src/presentation/home/home_state.dart
DA:8,2
DA:13,2
DA:15,0
DA:17,0
DA:20,0
DA:28,6
DA:30,3
DA:31,6
DA:35,6
DA:41,3
DA:46,0
DA:49,0
DA:50,0
DA:51,0
DA:55,0
DA:56,0
DA:57,0
DA:58,0
DA:63,2
DA:70,3
DA:77,2
DA:79,0
DA:80,0
LF:23
LH:10
end_of_record
SF:lib/src/presentation/home/widgets/custom_error.dart
DA:7,4
DA:9,1
DA:11,1
DA:12,1
DA:15,1
DA:19,1
DA:21,1
DA:22,2
LF:8
LH:8
end_of_record
SF:lib/src/presentation/home/widgets/loaded/loaded_state_widget.dart
DA:11,4
DA:15,1
DA:16,1
DA:22,1
DA:24,2
DA:25,0
DA:26,0
DA:27,0
DA:30,1
DA:33,1
DA:35,2
DA:36,1
DA:39,1
DA:41,1
DA:42,1
DA:43,1
DA:48,1
DA:49,1
DA:50,3
DA:51,2
DA:54,1
DA:55,1
DA:56,2
DA:57,1
DA:61,1
DA:62,1
DA:63,2
DA:64,1
LF:28
LH:25
end_of_record
SF:lib/src/presentation/home/widgets/loaded/image_card.dart
DA:9,1
DA:16,1
DA:17,1
DA:19,1
DA:20,2
DA:21,1
DA:27,1
DA:29,2
DA:31,1
DA:32,2
DA:33,1
DA:35,1
DA:37,1
DA:39,1
DA:40,1
DA:41,1
DA:42,1
DA:43,2
DA:44,1
DA:47,2
DA:53,1
DA:54,1
DA:56,1
DA:57,1
DA:58,2
DA:59,1
DA:63,1
DA:64,3
DA:65,1
DA:68,1
DA:69,2
DA:72,1
LF:32
LH:32
end_of_record
SF:lib/src/presentation/home/widgets/loaded/images_list.dart
DA:9,1
DA:14,1
DA:16,1
DA:17,1
DA:18,2
DA:19,1
LF:6
LH:6
end_of_record
SF:lib/src/presentation/home/widgets/loaded/load_more_error.dart
DA:7,4
DA:9,2
DA:11,2
DA:12,2
DA:16,2
DA:18,1
DA:19,2
LF:7
LH:7
end_of_record
